{
  "RSpec": {
    "coverage": {
      "/mnt/c/Users/holma/git/projectdirectory-selt_2024_team_006/config/environment.rb": {
        "lines": [
          null,
          null,
          null,
          1,
          null,
          null,
          1
        ]
      },
      "/mnt/c/Users/holma/git/projectdirectory-selt_2024_team_006/config/application.rb": {
        "lines": [
          null,
          null,
          1,
          null,
          1,
          null,
          1,
          null,
          1,
          1,
          1,
          null,
          null
        ]
      },
      "/mnt/c/Users/holma/git/projectdirectory-selt_2024_team_006/config/boot.rb": {
        "lines": [
          null,
          null,
          1,
          null,
          1,
          1
        ]
      },
      "/mnt/c/Users/holma/git/projectdirectory-selt_2024_team_006/config/environments/test.rb": {
        "lines": [
          null,
          null,
          1,
          null,
          null,
          null,
          null,
          null,
          null,
          1,
          null,
          1,
          1,
          null,
          null,
          null,
          null,
          1,
          null,
          null,
          null,
          null,
          1,
          null,
          null,
          1,
          1,
          null,
          null,
          null,
          null,
          1,
          1,
          1,
          null,
          null,
          1,
          null,
          null,
          1,
          null,
          null,
          1,
          null,
          1,
          null,
          null,
          null,
          null,
          1,
          null,
          null,
          1,
          null,
          null,
          1,
          null,
          null,
          1,
          null,
          null,
          null,
          null,
          null,
          null,
          null
        ]
      },
      "/mnt/c/Users/holma/git/projectdirectory-selt_2024_team_006/config/initializers/assets.rb": {
        "lines": [
          null,
          null,
          null,
          null,
          null,
          1,
          null,
          null,
          null,
          null,
          null,
          null,
          null,
          null
        ]
      },
      "/mnt/c/Users/holma/git/projectdirectory-selt_2024_team_006/config/initializers/content_security_policy.rb": {
        "lines": [
          null,
          null,
          null,
          null,
          null,
          null,
          null,
          null,
          null,
          null,
          null,
          null,
          null,
          null,
          null,
          null,
          null,
          null,
          null,
          null,
          null,
          null,
          null,
          null,
          null,
          null,
          null
        ]
      },
      "/mnt/c/Users/holma/git/projectdirectory-selt_2024_team_006/config/initializers/devise.rb": {
        "lines": [
          null,
          null,
          null,
          null,
          null,
          null,
          null,
          null,
          null,
          null,
          1,
          null,
          null,
          null,
          null,
          null,
          null,
          null,
          null,
          null,
          null,
          null,
          null,
          null,
          null,
          1,
          null,
          null,
          null,
          null,
          null,
          null,
          null,
          null,
          null,
          null,
          null,
          1,
          null,
          null,
          null,
          null,
          null,
          null,
          null,
          null,
          null,
          null,
          null,
          null,
          null,
          null,
          null,
          null,
          null,
          null,
          null,
          null,
          null,
          1,
          null,
          null,
          null,
          null,
          1,
          null,
          null,
          null,
          null,
          null,
          null,
          null,
          null,
          null,
          null,
          null,
          null,
          null,
          null,
          null,
          null,
          null,
          null,
          null,
          null,
          null,
          null,
          null,
          null,
          null,
          null,
          null,
          null,
          null,
          null,
          null,
          null,
          null,
          1,
          null,
          null,
          null,
          null,
          null,
          null,
          null,
          null,
          null,
          null,
          null,
          null,
          null,
          null,
          null,
          null,
          null,
          null,
          null,
          null,
          null,
          null,
          null,
          null,
          null,
          1,
          null,
          null,
          null,
          null,
          null,
          null,
          null,
          null,
          null,
          null,
          null,
          null,
          null,
          null,
          null,
          null,
          null,
          null,
          null,
          null,
          null,
          null,
          null,
          null,
          1,
          null,
          null,
          null,
          null,
          null,
          null,
          null,
          null,
          null,
          1,
          null,
          null,
          null,
          null,
          null,
          null,
          null,
          null,
          null,
          null,
          1,
          null,
          null,
          null,
          null,
          1,
          null,
          null,
          null,
          null,
          null,
          null,
          null,
          null,
          null,
          null,
          null,
          null,
          null,
          null,
          null,
          null,
          null,
          null,
          null,
          null,
          null,
          null,
          null,
          null,
          null,
          null,
          null,
          null,
          null,
          null,
          null,
          null,
          null,
          null,
          null,
          null,
          null,
          null,
          null,
          null,
          1,
          null,
          null,
          null,
          null,
          null,
          null,
          null,
          null,
          null,
          null,
          null,
          null,
          null,
          null,
          null,
          null,
          null,
          null,
          null,
          null,
          null,
          null,
          null,
          null,
          null,
          null,
          null,
          null,
          null,
          null,
          null,
          null,
          null,
          null,
          null,
          null,
          null,
          null,
          null,
          null,
          null,
          1,
          null,
          null,
          null,
          null,
          null,
          1,
          null,
          null,
          null,
          null,
          null,
          null,
          null,
          null,
          null,
          null,
          null,
          null,
          null,
          null,
          null,
          null,
          null,
          null,
          null,
          null,
          null,
          null,
          null,
          null,
          null,
          null,
          null,
          null,
          null,
          null,
          null,
          1,
          1,
          null,
          null,
          null,
          null,
          null,
          null,
          null
        ]
      },
      "/mnt/c/Users/holma/git/projectdirectory-selt_2024_team_006/config/initializers/filter_parameter_logging.rb": {
        "lines": [
          null,
          null,
          null,
          null,
          null,
          null,
          null,
          1,
          null,
          null
        ]
      },
      "/mnt/c/Users/holma/git/projectdirectory-selt_2024_team_006/config/initializers/inflections.rb": {
        "lines": [
          null,
          null,
          null,
          null,
          null,
          null,
          null,
          null,
          null,
          null,
          null,
          null,
          null,
          null,
          null,
          null,
          null,
          null
        ]
      },
      "/mnt/c/Users/holma/git/projectdirectory-selt_2024_team_006/config/initializers/permissions_policy.rb": {
        "lines": [
          null,
          null,
          null,
          null,
          null,
          null,
          null,
          null,
          null,
          null,
          null,
          null,
          null
        ]
      },
      "/mnt/c/Users/holma/git/projectdirectory-selt_2024_team_006/config/routes.rb": {
        "lines": [
          null,
          null,
          1,
          1,
          null,
          1,
          1,
          1,
          1,
          1,
          1,
          1,
          null,
          1,
          null,
          1,
          1,
          1,
          null,
          null,
          null,
          1,
          1,
          1,
          1,
          1,
          1,
          null,
          null,
          1,
          1,
          1,
          null,
          1,
          1,
          null,
          1,
          null,
          1,
          null,
          1,
          1,
          1,
          null,
          null,
          null
        ]
      },
      "/mnt/c/Users/holma/git/projectdirectory-selt_2024_team_006/app/models/user.rb": {
        "lines": [
          null,
          null,
          1,
          null,
          null,
          1,
          null,
          null,
          null,
          1,
          1,
          1,
          1,
          1,
          1,
          null,
          1,
          1,
          null,
          1,
          12,
          null,
          8,
          8,
          null,
          null,
          1,
          2,
          2,
          null,
          null,
          2,
          null,
          null,
          null,
          2,
          null,
          null,
          1,
          null,
          1,
          190,
          null,
          null,
          1,
          187,
          187,
          null,
          null
        ]
      },
      "/mnt/c/Users/holma/git/projectdirectory-selt_2024_team_006/app/models/application_record.rb": {
        "lines": [
          null,
          null,
          1,
          1,
          null
        ]
      },
      "/mnt/c/Users/holma/git/projectdirectory-selt_2024_team_006/app/helpers/application_helper.rb": {
        "lines": [
          null,
          null,
          1,
          null
        ]
      },
      "/mnt/c/Users/holma/git/projectdirectory-selt_2024_team_006/app/helpers/battles_helper.rb": {
        "lines": [
          null,
          null,
          1,
          1,
          3,
          null,
          null
        ]
      },
      "/mnt/c/Users/holma/git/projectdirectory-selt_2024_team_006/app/helpers/games_helper.rb": {
        "lines": [
          null,
          null,
          1,
          1,
          7061,
          null,
          616,
          null,
          618,
          null,
          5827,
          null,
          null,
          null
        ]
      },
      "/mnt/c/Users/holma/git/projectdirectory-selt_2024_team_006/app/helpers/home_helper.rb": {
        "lines": [
          null,
          null,
          1,
          null
        ]
      },
      "/mnt/c/Users/holma/git/projectdirectory-selt_2024_team_006/app/helpers/shop_helper.rb": {
        "lines": [
          null,
          null,
          1,
          null
        ]
      },
      "/mnt/c/Users/holma/git/projectdirectory-selt_2024_team_006/app/helpers/worlds_helper.rb": {
        "lines": [
          null,
          null,
          1,
          null
        ]
      },
      "/mnt/c/Users/holma/git/projectdirectory-selt_2024_team_006/app/channels/game_channel.rb": {
        "lines": [
          null,
          null,
          1,
          1,
          3,
          2,
          null,
          1,
          null,
          null,
          null,
          1,
          null
        ]
      },
      "/mnt/c/Users/holma/git/projectdirectory-selt_2024_team_006/app/channels/application_cable/channel.rb": {
        "lines": [
          null,
          null,
          1,
          1,
          null,
          null
        ]
      },
      "/mnt/c/Users/holma/git/projectdirectory-selt_2024_team_006/app/controllers/games_controller.rb": {
        "lines": [
          null,
          null,
          1,
          1,
          null,
          1,
          4,
          null,
          3,
          null,
          null,
          1,
          1,
          1,
          null,
          null,
          1,
          1,
          null,
          null,
          1,
          3,
          null,
          3,
          2,
          2,
          null,
          null,
          1,
          1,
          null,
          null,
          1,
          8,
          null,
          6,
          6,
          4,
          4,
          null,
          2,
          null,
          null,
          null,
          1,
          5,
          5,
          null,
          3,
          null,
          3,
          null,
          null,
          1,
          null,
          1,
          4,
          4,
          null,
          null,
          1,
          2,
          null,
          null,
          1,
          3,
          2,
          null,
          1,
          null,
          null,
          1,
          1,
          1,
          1,
          1,
          null,
          null,
          1,
          6,
          6,
          6,
          6,
          6,
          null,
          null,
          null,
          1,
          14,
          14,
          14,
          14,
          null,
          14,
          null,
          null,
          1,
          2,
          2,
          null,
          null,
          1,
          4,
          4,
          null,
          null,
          1,
          2,
          2,
          null,
          null,
          1,
          10,
          10,
          null,
          null,
          null,
          1,
          6,
          null,
          null,
          1,
          3,
          3,
          3,
          3,
          null,
          null,
          1,
          3,
          null,
          null,
          1,
          3,
          null,
          null,
          1,
          3,
          null,
          null
        ]
      },
      "/mnt/c/Users/holma/git/projectdirectory-selt_2024_team_006/app/controllers/application_controller.rb": {
        "lines": [
          null,
          null,
          1,
          1,
          null,
          1,
          null,
          1,
          7,
          7,
          null,
          null,
          null
        ]
      },
      "/mnt/c/Users/holma/git/projectdirectory-selt_2024_team_006/app/controllers/shards_controller.rb": {
        "lines": [
          null,
          null,
          1,
          null,
          1,
          1,
          1,
          null,
          1,
          1,
          1,
          null,
          1,
          1,
          1,
          1,
          1,
          1,
          1,
          null,
          null,
          1,
          4,
          null,
          4,
          null,
          4,
          2,
          2,
          null,
          2,
          null,
          null,
          null,
          1,
          4,
          null,
          4,
          1,
          null,
          null,
          3,
          null,
          3,
          2,
          null,
          1,
          null,
          null,
          null,
          1,
          null,
          1,
          4,
          4,
          4,
          4,
          null,
          null,
          1,
          5,
          null,
          null,
          1,
          8,
          8,
          8,
          null,
          7,
          null,
          1,
          null,
          null,
          1,
          7,
          7,
          7,
          7,
          7,
          7,
          7,
          null,
          null,
          1,
          2,
          2,
          2,
          null,
          null,
          1,
          2,
          2,
          null,
          null,
          1,
          7,
          null,
          null,
          1,
          7,
          null,
          null,
          1,
          7,
          null,
          null
        ]
      },
      "/mnt/c/Users/holma/git/projectdirectory-selt_2024_team_006/app/controllers/shop_controller.rb": {
        "lines": [
          null,
          null,
          1,
          1,
          null,
          1,
          2,
          null,
          null,
          1,
          4,
          null,
          4,
          null,
          4,
          1,
          null,
          3,
          null,
          null,
          4,
          null,
          null,
          1,
          null,
          1,
          3,
          1,
          null,
          1,
          null,
          1,
          null,
          2,
          null,
          null,
          null,
          1,
          1,
          1,
          null,
          1,
          null,
          1,
          null,
          null
        ]
      },
      "/mnt/c/Users/holma/git/projectdirectory-selt_2024_team_006/app/controllers/users_controller.rb": {
        "lines": [
          null,
          null,
          1,
          1,
          null,
          1,
          3,
          3,
          null,
          null,
          1,
          2,
          2,
          2,
          null,
          null,
          1,
          9,
          9,
          null,
          9,
          3,
          3,
          null,
          6,
          null,
          null,
          9,
          null,
          null,
          1,
          null,
          1,
          9,
          null,
          null,
          1,
          9,
          null,
          null,
          1,
          9,
          null,
          null,
          1,
          3,
          3,
          null,
          null,
          1,
          3,
          null,
          null
        ]
      },
      "/mnt/c/Users/holma/git/projectdirectory-selt_2024_team_006/app/controllers/worlds_controller.rb": {
        "lines": [
          null,
          null,
          1,
          1,
          1,
          null,
          1,
          10,
          10,
          null,
          10,
          10,
          null,
          10,
          10,
          0,
          null,
          null,
          10,
          2,
          2,
          null,
          8,
          null,
          null,
          10,
          null,
          null,
          1,
          6,
          6,
          null,
          5,
          5,
          null,
          5,
          5,
          null,
          5,
          null,
          5,
          null,
          4,
          null,
          3,
          null,
          2,
          null,
          null,
          1,
          null,
          1,
          2,
          2,
          1,
          1,
          null,
          1,
          null,
          null,
          null,
          1,
          8,
          8,
          8,
          null,
          8,
          null,
          5,
          null,
          null,
          1,
          3,
          3,
          null,
          3,
          1,
          null,
          2,
          null,
          null,
          null,
          1,
          3,
          3,
          null,
          2,
          null,
          2,
          2,
          null,
          null,
          1,
          1,
          null,
          null,
          1,
          null,
          1,
          1,
          null,
          null,
          1,
          3,
          null,
          null,
          1,
          2,
          null,
          null,
          1,
          2,
          2,
          null,
          2,
          0,
          2,
          2,
          2,
          2,
          null,
          0,
          null,
          null,
          2,
          null,
          null,
          1,
          4,
          null,
          null,
          1,
          4,
          null,
          null,
          1,
          5,
          null,
          null,
          1,
          5,
          null,
          null,
          1,
          2,
          2,
          2,
          2,
          null,
          1,
          null,
          null,
          1,
          25,
          null,
          25,
          null,
          2,
          null,
          null,
          null,
          1,
          10,
          null,
          null,
          1,
          1,
          null,
          null,
          1,
          14,
          null,
          null,
          1,
          9,
          null,
          null,
          1,
          1,
          null,
          null,
          1,
          10,
          10,
          10,
          null,
          null,
          1,
          5,
          null,
          5,
          2,
          null,
          3,
          null,
          null,
          null,
          1,
          3,
          null,
          3,
          null,
          null,
          1,
          5,
          5,
          null,
          5,
          5,
          5,
          null,
          null,
          1,
          5,
          null,
          null,
          1,
          2,
          2,
          2,
          2,
          2,
          null,
          2,
          null,
          2,
          null,
          null,
          1,
          2,
          2,
          2,
          null,
          null,
          1,
          8,
          null,
          null,
          1,
          8,
          8,
          1,
          1,
          null,
          7,
          null,
          null,
          1,
          8,
          8,
          1,
          1,
          null,
          7,
          null,
          null,
          1,
          6,
          null,
          1,
          1,
          null,
          null,
          1,
          2,
          1,
          1,
          1,
          1,
          1,
          null,
          null,
          null,
          1,
          18,
          18,
          null,
          null,
          null,
          1,
          15,
          null,
          null,
          1,
          10,
          null,
          10,
          10,
          null,
          9,
          9,
          null,
          8,
          null,
          null,
          1,
          10,
          1,
          3,
          1,
          4,
          null,
          1,
          null,
          null,
          null,
          1,
          36,
          null,
          null,
          1,
          10,
          null,
          4,
          null,
          2,
          null,
          null,
          10,
          null,
          null,
          1,
          2,
          2,
          null,
          2,
          2,
          2,
          2,
          2,
          2,
          null,
          null,
          1,
          null,
          null,
          2,
          null,
          null,
          null,
          null,
          null,
          null,
          null,
          null,
          null,
          1,
          2,
          null,
          null,
          null,
          null,
          null,
          null,
          null,
          null,
          null,
          1,
          2,
          null,
          1,
          null,
          1,
          null,
          null,
          null,
          1,
          2,
          null,
          2,
          null,
          null,
          null,
          null,
          null,
          null,
          1,
          4,
          4,
          null,
          null,
          1,
          10,
          10,
          null,
          null,
          1,
          3,
          3,
          null,
          null,
          3,
          null,
          3,
          null,
          null,
          1,
          3,
          null,
          null,
          1,
          3,
          3,
          3,
          null,
          null,
          1,
          3,
          null,
          null,
          1,
          1,
          1,
          1,
          null,
          1,
          null,
          1,
          null,
          null,
          1,
          2,
          2,
          2,
          null,
          null,
          1,
          1,
          null,
          null,
          1,
          1,
          1,
          1,
          1,
          null,
          null,
          1,
          15,
          null,
          null,
          1,
          2,
          null,
          null
        ]
      },
      "/mnt/c/Users/holma/git/projectdirectory-selt_2024_team_006/app/models/battle.rb": {
        "lines": [
          null,
          null,
          1,
          1,
          1,
          1,
          null,
          1,
          null,
          1,
          5,
          4,
          null,
          null,
          1,
          7,
          7,
          null,
          null
        ]
      },
      "/mnt/c/Users/holma/git/projectdirectory-selt_2024_team_006/app/models/cell.rb": {
        "lines": [
          null,
          null,
          1,
          1,
          1,
          null,
          1,
          1,
          null
        ]
      },
      "/mnt/c/Users/holma/git/projectdirectory-selt_2024_team_006/app/models/item.rb": {
        "lines": [
          null,
          null,
          1,
          1,
          1,
          1,
          null,
          1,
          1,
          null
        ]
      },
      "/mnt/c/Users/holma/git/projectdirectory-selt_2024_team_006/app/models/player_progress.rb": {
        "lines": [
          null,
          null,
          1,
          1,
          1,
          null,
          1,
          1,
          null,
          1,
          1,
          null,
          null,
          1,
          41,
          null,
          null,
          1,
          null,
          1,
          42,
          null,
          null,
          1,
          42,
          null,
          null
        ]
      },
      "/mnt/c/Users/holma/git/projectdirectory-selt_2024_team_006/app/models/user_world_state.rb": {
        "lines": [
          null,
          null,
          1,
          1,
          1,
          null,
          1,
          null,
          1,
          null,
          1,
          14,
          null,
          null
        ]
      },
      "/mnt/c/Users/holma/git/projectdirectory-selt_2024_team_006/app/models/world.rb": {
        "lines": [
          null,
          null,
          1,
          1,
          null,
          1,
          1,
          1,
          1,
          1,
          1,
          null,
          1,
          1,
          null,
          121,
          1,
          null,
          1,
          150,
          7113,
          null,
          null,
          null,
          null,
          null,
          null,
          null,
          1,
          5,
          null,
          2,
          null,
          2,
          null,
          1,
          null,
          null,
          1,
          124,
          null,
          null,
          null,
          null,
          null,
          null,
          null,
          null,
          1,
          23,
          null,
          null,
          null,
          null,
          null,
          null,
          null,
          null,
          1,
          null,
          1,
          58,
          null,
          null,
          1,
          120,
          null,
          120,
          120,
          120,
          null,
          null,
          1,
          120,
          null,
          120,
          120,
          120,
          120,
          null,
          null,
          0,
          null,
          null,
          null,
          null,
          1,
          120,
          120,
          null,
          null,
          0,
          null,
          null,
          null,
          null,
          1,
          116,
          116,
          116,
          null,
          116,
          null,
          null,
          1,
          117,
          117,
          null,
          117,
          117,
          null,
          117,
          117,
          null,
          null,
          1,
          116,
          812,
          5684,
          5684,
          null,
          5684,
          null,
          5684,
          null,
          null,
          null,
          null,
          1,
          5684,
          5568,
          4988,
          null,
          4408,
          null,
          null,
          1,
          120,
          null,
          null,
          1,
          4408,
          null,
          null,
          4408,
          null,
          null,
          null,
          4408,
          null,
          null,
          0,
          0,
          null,
          null,
          null,
          1,
          120,
          null,
          null,
          1,
          120,
          null,
          null,
          1,
          120,
          120,
          120,
          120,
          null,
          null,
          1,
          120,
          null,
          null,
          null,
          null,
          null,
          null,
          null,
          null,
          null,
          1,
          0,
          0,
          0,
          null,
          null,
          null,
          null,
          1,
          0,
          0,
          0,
          null,
          null,
          null,
          1,
          null,
          null,
          120,
          null,
          null,
          null,
          null,
          null,
          null,
          null
        ]
      },
      "/mnt/c/Users/holma/git/projectdirectory-selt_2024_team_006/app/services/chat_gpt_service.rb": {
        "lines": [
          null,
          null,
          1,
          1,
          null,
          1,
          1,
          1,
          null,
          1,
          2,
          2,
          2,
          null,
          2,
          null,
          1,
          1,
          null,
          null,
          1,
          2,
          2,
          2,
          null,
          2,
          null,
          1,
          1,
          null,
          null,
          1,
          null,
          2,
          null,
          null,
          null,
          null,
          null,
          null,
          1,
          null,
          2,
          null,
          null,
          null,
          null,
          null,
          null,
          1,
          null,
          4,
          null,
          null,
          null,
          null,
          1,
          2,
          null,
          null,
          0,
          0,
          null,
          null,
          null,
          1,
          1,
          null,
          null,
          1,
          1,
          null,
          null,
          1,
          2,
          null,
          null
        ]
      },
      "/mnt/c/Users/holma/git/projectdirectory-selt_2024_team_006/app/models/achievement.rb": {
        "lines": [
          null,
          null,
          1,
          1,
          1,
          null
        ]
      },
      "/mnt/c/Users/holma/git/projectdirectory-selt_2024_team_006/app/models/user_item.rb": {
        "lines": [
          null,
          null,
          1,
          1,
          1,
          null
        ]
      },
      "/mnt/c/Users/holma/git/projectdirectory-selt_2024_team_006/app/controllers/home_controller.rb": {
        "lines": [
          null,
          null,
          1,
          1,
          null
        ]
      }
    },
    "timestamp": 1734226189
  }
}
